TN:
SF:F:\stuq\test\homework1\quz\quz.js
FN:10,dcate
FN:19,rec
FN:39,sub
FNF:3
FNH:3
FNDA:1,dcate
FNDA:5,rec
FNDA:2,sub
DA:10,1
DA:13,1
DA:14,0
DA:17,1
DA:19,1
DA:20,5
DA:21,4
DA:23,1
DA:24,1
DA:25,1
DA:39,1
DA:41,2
DA:42,0
DA:45,2
DA:49,2
DA:50,0
DA:52,2
DA:53,0
DA:55,2
DA:56,1
DA:58,2
DA:59,4
DA:62,2
LF:23
LH:19
BRDA:13,1,0,0
BRDA:13,1,1,1
BRDA:13,2,0,1
BRDA:13,2,1,1
BRDA:20,3,0,1
BRDA:20,3,1,4
BRDA:41,4,0,0
BRDA:41,4,1,2
BRDA:49,5,0,0
BRDA:49,5,1,2
BRDA:52,6,0,0
BRDA:52,6,1,2
BRDA:55,7,0,1
BRDA:55,7,1,1
BRF:14
BRH:10
end_of_record
