TN:
SF:/Users/handsomebee/Desktop/zc-class-progress/homework1/js/list.js
FN:6,List
FN:12,(anonymous_2)
FN:26,(anonymous_3)
FN:36,(anonymous_4)
FNF:4
FNH:4
FNDA:26,List
FNDA:4,(anonymous_2)
FNDA:10,(anonymous_3)
FNDA:7,(anonymous_4)
DA:6,1
DA:7,26
DA:8,26
DA:12,1
DA:13,4
DA:17,4
DA:18,4
DA:19,19
DA:20,19
DA:22,4
DA:26,1
DA:27,10
DA:28,10
DA:29,10
DA:30,46
DA:32,10
DA:33,10
DA:36,1
DA:37,7
DA:38,5
DA:40,5
DA:41,5
DA:42,14
DA:43,14
DA:46,5
LF:25
LH:25
BRDA:7,1,0,26
BRDA:7,1,1,5
BRDA:8,2,0,26
BRDA:8,2,1,26
BRDA:37,3,0,2
BRDA:37,3,1,5
BRDA:37,4,0,7
BRDA:37,4,1,6
BRDA:41,5,0,19
BRDA:41,5,1,14
BRF:10
BRH:10
end_of_record
TN:
SF:/Users/handsomebee/Desktop/zc-class-progress/homework1/quz/quz.js
FN:10,dcate
FN:30,sub
FN:34,(anonymous_3)
FNF:3
FNH:3
FNDA:1,dcate
FNDA:1,sub
FNDA:2,(anonymous_3)
DA:10,1
DA:11,1
DA:12,1
DA:13,4
DA:15,1
DA:16,1
DA:30,1
DA:31,1
DA:33,1
DA:34,1
DA:35,2
DA:36,2
LF:12
LH:12
BRF:0
BRH:0
end_of_record
