TN:
SF:/Users/lucyshi/Documents/FE-star/homework1/quz/quz.js
FN:10,dcate
FN:38,sub
FNF:2
FNH:2
FNDA:1,dcate
FNDA:1,sub
DA:10,1
DA:14,1
DA:15,0
DA:17,1
DA:19,1
DA:20,4
DA:23,1
DA:24,1
DA:38,1
DA:41,1
DA:42,0
DA:44,1
DA:45,0
DA:47,1
DA:48,0
DA:50,1
DA:55,1
DA:56,5
DA:57,2
DA:58,3
DA:60,0
DA:63,5
DA:65,1
LF:23
LH:18
BRDA:14,1,0,0
BRDA:14,1,1,1
BRDA:14,2,0,1
BRDA:14,2,1,1
BRDA:14,2,2,1
BRDA:14,2,3,1
BRDA:41,3,0,0
BRDA:41,3,1,1
BRDA:41,4,0,1
BRDA:41,4,1,1
BRDA:44,5,0,0
BRDA:44,5,1,1
BRDA:44,6,0,1
BRDA:44,6,1,1
BRDA:47,7,0,0
BRDA:47,7,1,1
BRDA:47,8,0,1
BRDA:47,8,1,1
BRDA:47,8,2,1
BRDA:56,9,0,2
BRDA:56,9,1,3
BRDA:56,10,0,5
BRDA:56,10,1,2
BRDA:58,11,0,0
BRDA:58,11,1,3
BRF:25
BRH:20
end_of_record
