<?xml version="1.0" ?>
<!DOCTYPE coverage SYSTEM "http://cobertura.sourceforge.net/xml/coverage-04.dtd">
<coverage lines-valid="46"  lines-covered="46"  line-rate="1"  branches-valid="4"  branches-covered="4"  branch-rate="1"  timestamp="1502331757702" complexity="0" version="0.1">
<sources>
	<source>E:\homework\homework1</source>
</sources>
<packages>
	<package name="js"  line-rate="1"  branch-rate="1" >
	<classes>
		<class name="list.js"  filename="js\list.js"  line-rate="1"  branch-rate="1" >
		<methods>
			<method name="List"  hits="17"  signature="()V" >
				<lines><line number="6"  hits="17" /></lines>
			</method>
			<method name="(anonymous_2)"  hits="3"  signature="()V" >
				<lines><line number="12"  hits="3" /></lines>
			</method>
			<method name="(anonymous_3)"  hits="6"  signature="()V" >
				<lines><line number="26"  hits="6" /></lines>
			</method>
		</methods>
		<lines>
			<line number="6"  hits="1"  branch="false" />
			<line number="7"  hits="17"  branch="true"  condition-coverage="100% (2/2)" />
			<line number="8"  hits="17"  branch="true"  condition-coverage="100% (2/2)" />
			<line number="12"  hits="1"  branch="false" />
			<line number="13"  hits="3"  branch="false" />
			<line number="17"  hits="3"  branch="false" />
			<line number="18"  hits="3"  branch="false" />
			<line number="19"  hits="14"  branch="false" />
			<line number="20"  hits="14"  branch="false" />
			<line number="22"  hits="3"  branch="false" />
			<line number="26"  hits="1"  branch="false" />
			<line number="27"  hits="6"  branch="false" />
			<line number="28"  hits="6"  branch="false" />
			<line number="29"  hits="6"  branch="false" />
			<line number="30"  hits="38"  branch="false" />
			<line number="32"  hits="6"  branch="false" />
			<line number="33"  hits="6"  branch="false" />
		</lines>
		</class>
	</classes>
	</package>
	<package name="quz"  line-rate="1"  branch-rate="1" >
	<classes>
		<class name="quz.js"  filename="quz\quz.js"  line-rate="1"  branch-rate="1" >
		<methods>
			<method name="dcate"  hits="1"  signature="()V" >
				<lines><line number="10"  hits="1" /></lines>
			</method>
			<method name="sub"  hits="1"  signature="()V" >
				<lines><line number="35"  hits="1" /></lines>
			</method>
		</methods>
		<lines>
			<line number="10"  hits="1"  branch="false" />
			<line number="12"  hits="1"  branch="false" />
			<line number="13"  hits="1"  branch="false" />
			<line number="14"  hits="1"  branch="false" />
			<line number="15"  hits="5"  branch="false" />
			<line number="17"  hits="1"  branch="false" />
			<line number="18"  hits="5"  branch="false" />
			<line number="20"  hits="1"  branch="false" />
			<line number="21"  hits="1"  branch="false" />
			<line number="35"  hits="1"  branch="false" />
			<line number="37"  hits="1"  branch="false" />
			<line number="38"  hits="1"  branch="false" />
			<line number="39"  hits="1"  branch="false" />
			<line number="40"  hits="1"  branch="false" />
			<line number="41"  hits="1"  branch="false" />
			<line number="42"  hits="1"  branch="false" />
			<line number="43"  hits="1"  branch="false" />
		</lines>
		</class>
	</classes>
	</package>
	<package name="test"  line-rate="1"  branch-rate="1" >
	<classes>
		<class name="test.js"  filename="test\test.js"  line-rate="1"  branch-rate="1" >
		<methods>
			<method name="(anonymous_1)"  hits="1"  signature="()V" >
				<lines><line number="1"  hits="1" /></lines>
			</method>
			<method name="(anonymous_2)"  hits="1"  signature="()V" >
				<lines><line number="6"  hits="1" /></lines>
			</method>
			<method name="(anonymous_3)"  hits="1"  signature="()V" >
				<lines><line number="7"  hits="1" /></lines>
			</method>
			<method name="(anonymous_4)"  hits="1"  signature="()V" >
				<lines><line number="14"  hits="1" /></lines>
			</method>
			<method name="(anonymous_5)"  hits="1"  signature="()V" >
				<lines><line number="15"  hits="1" /></lines>
			</method>
		</methods>
		<lines>
			<line number="1"  hits="1"  branch="false" />
			<line number="3"  hits="1"  branch="false" />
			<line number="6"  hits="1"  branch="false" />
			<line number="7"  hits="1"  branch="false" />
			<line number="8"  hits="1"  branch="false" />
			<line number="9"  hits="1"  branch="false" />
			<line number="10"  hits="1"  branch="false" />
			<line number="14"  hits="1"  branch="false" />
			<line number="15"  hits="1"  branch="false" />
			<line number="16"  hits="1"  branch="false" />
			<line number="17"  hits="1"  branch="false" />
			<line number="18"  hits="1"  branch="false" />
		</lines>
		</class>
	</classes>
	</package>
</packages>
</coverage>
