TN:
SF:F:\MarLen\BAT-class\class\0128\homework1\js\list.js
FN:6,List
FN:12,(anonymous_2)
FN:25,(anonymous_3)
FNF:3
FNH:3
FNDA:20,List
FNDA:4,(anonymous_2)
FNDA:7,(anonymous_3)
DA:6,1
DA:7,20
DA:8,20
DA:12,1
DA:13,4
DA:16,4
DA:17,4
DA:18,16
DA:19,16
DA:21,4
DA:25,1
DA:26,7
DA:27,7
DA:28,7
DA:29,40
DA:31,7
DA:32,7
LF:17
LH:17
BRDA:7,1,0,20
BRDA:7,1,1,4
BRDA:8,2,0,20
BRDA:8,2,1,20
BRF:4
BRH:4
end_of_record
TN:
SF:F:\MarLen\BAT-class\class\0128\homework1\quz\quz.js
FN:10,dcate
FN:32,sub
FNF:2
FNH:2
FNDA:1,dcate
FNDA:1,sub
DA:10,1
DA:13,1
DA:14,1
DA:15,4
DA:17,1
DA:18,1
DA:32,1
DA:34,1
DA:38,1
DA:40,1
DA:41,2
DA:44,1
DA:45,0
DA:47,1
LF:14
LH:13
BRDA:40,1,0,3
BRDA:40,1,1,2
BRDA:44,2,0,0
BRDA:44,2,1,1
BRF:4
BRH:3
end_of_record
