{
"E:\\homework\\homework1\\js\\list.js":{"path":"E:\\homework\\homework1\\js\\list.js","s":{"1":1,"2":17,"3":17,"4":1,"5":3,"6":3,"7":3,"8":14,"9":14,"10":3,"11":1,"12":6,"13":6,"14":6,"15":38,"16":6,"17":6},"b":{"1":[17,3],"2":[17,17]},"f":{"1":17,"2":3,"3":6},"fnMap":{"1":{"name":"List","line":6,"loc":{"start":{"line":6,"column":0},"end":{"line":6,"column":26}}},"2":{"name":"(anonymous_2)","line":12,"loc":{"start":{"line":12,"column":12},"end":{"line":12,"column":29}}},"3":{"name":"(anonymous_3)","line":26,"loc":{"start":{"line":26,"column":26},"end":{"line":26,"column":38}}}},"statementMap":{"1":{"start":{"line":6,"column":0},"end":{"line":9,"column":1}},"2":{"start":{"line":7,"column":1},"end":{"line":7,"column":23}},"3":{"start":{"line":8,"column":1},"end":{"line":8,"column":26}},"4":{"start":{"line":12,"column":0},"end":{"line":23,"column":1}},"5":{"start":{"line":13,"column":1},"end":{"line":15,"column":7}},"6":{"start":{"line":17,"column":1},"end":{"line":17,"column":14}},"7":{"start":{"line":18,"column":1},"end":{"line":21,"column":2}},"8":{"start":{"line":19,"column":2},"end":{"line":19,"column":30}},"9":{"start":{"line":20,"column":2},"end":{"line":20,"column":13}},"10":{"start":{"line":22,"column":1},"end":{"line":22,"column":22}},"11":{"start":{"line":26,"column":0},"end":{"line":34,"column":2}},"12":{"start":{"line":27,"column":1},"end":{"line":27,"column":17}},"13":{"start":{"line":28,"column":1},"end":{"line":28,"column":12}},"14":{"start":{"line":29,"column":1},"end":{"line":31,"column":2}},"15":{"start":{"line":30,"column":2},"end":{"line":30,"column":27}},"16":{"start":{"line":32,"column":1},"end":{"line":32,"column":13}},"17":{"start":{"line":33,"column":1},"end":{"line":33,"column":12}}},"branchMap":{"1":{"line":7,"type":"binary-expr","locations":[{"start":{"line":7,"column":13},"end":{"line":7,"column":17}},{"start":{"line":7,"column":21},"end":{"line":7,"column":22}}]},"2":{"line":8,"type":"binary-expr","locations":[{"start":{"line":8,"column":13},"end":{"line":8,"column":17}},{"start":{"line":8,"column":21},"end":{"line":8,"column":25}}]}},"l":{"6":1,"7":17,"8":17,"12":1,"13":3,"17":3,"18":3,"19":14,"20":14,"22":3,"26":1,"27":6,"28":6,"29":6,"30":38,"32":6,"33":6}},
"E:\\homework\\homework1\\quz\\quz.js":{"path":"E:\\homework\\homework1\\quz\\quz.js","s":{"1":1,"2":1,"3":1,"4":1,"5":5,"6":1,"7":5,"8":1,"9":1,"10":1,"11":1,"12":1,"13":1,"14":1,"15":1,"16":1,"17":1},"b":{},"f":{"1":1,"2":1},"fnMap":{"1":{"name":"dcate","line":10,"loc":{"start":{"line":10,"column":0},"end":{"line":10,"column":21}}},"2":{"name":"sub","line":35,"loc":{"start":{"line":35,"column":0},"end":{"line":35,"column":28}}}},"statementMap":{"1":{"start":{"line":10,"column":0},"end":{"line":22,"column":1}},"2":{"start":{"line":12,"column":4},"end":{"line":12,"column":14}},"3":{"start":{"line":13,"column":4},"end":{"line":13,"column":19}},"4":{"start":{"line":14,"column":4},"end":{"line":16,"column":5}},"5":{"start":{"line":15,"column":8},"end":{"line":15,"column":12}},"6":{"start":{"line":17,"column":4},"end":{"line":19,"column":2}},"7":{"start":{"line":18,"column":8},"end":{"line":18,"column":27}},"8":{"start":{"line":20,"column":1},"end":{"line":20,"column":20}},"9":{"start":{"line":21,"column":4},"end":{"line":21,"column":13}},"10":{"start":{"line":35,"column":0},"end":{"line":44,"column":1}},"11":{"start":{"line":37,"column":1},"end":{"line":37,"column":37}},"12":{"start":{"line":38,"column":1},"end":{"line":38,"column":15}},"13":{"start":{"line":39,"column":1},"end":{"line":39,"column":13}},"14":{"start":{"line":40,"column":1},"end":{"line":40,"column":37}},"15":{"start":{"line":41,"column":1},"end":{"line":41,"column":17}},"16":{"start":{"line":42,"column":1},"end":{"line":42,"column":20}},"17":{"start":{"line":43,"column":1},"end":{"line":43,"column":23}}},"branchMap":{},"l":{"10":1,"12":1,"13":1,"14":1,"15":5,"17":1,"18":5,"20":1,"21":1,"35":1,"37":1,"38":1,"39":1,"40":1,"41":1,"42":1,"43":1}},
"E:\\homework\\homework1\\test\\test.js":{"path":"E:\\homework\\homework1\\test\\test.js","s":{"1":1,"2":1,"3":1,"4":1,"5":1,"6":1,"7":1,"8":1,"9":1,"10":1,"11":1,"12":1},"b":{},"f":{"1":1,"2":1,"3":1,"4":1,"5":1},"fnMap":{"1":{"name":"(anonymous_1)","line":1,"loc":{"start":{"line":1,"column":33},"end":{"line":1,"column":45}}},"2":{"name":"(anonymous_2)","line":6,"loc":{"start":{"line":6,"column":25},"end":{"line":6,"column":37}}},"3":{"name":"(anonymous_3)","line":7,"loc":{"start":{"line":7,"column":90},"end":{"line":7,"column":102}}},"4":{"name":"(anonymous_4)","line":14,"loc":{"start":{"line":14,"column":23},"end":{"line":14,"column":35}}},"5":{"name":"(anonymous_5)","line":15,"loc":{"start":{"line":15,"column":73},"end":{"line":15,"column":85}}}},"statementMap":{"1":{"start":{"line":1,"column":0},"end":{"line":22,"column":3}},"2":{"start":{"line":3,"column":4},"end":{"line":5,"column":40}},"3":{"start":{"line":6,"column":4},"end":{"line":12,"column":7}},"4":{"start":{"line":7,"column":8},"end":{"line":11,"column":11}},"5":{"start":{"line":8,"column":9},"end":{"line":8,"column":52}},"6":{"start":{"line":9,"column":12},"end":{"line":9,"column":73}},"7":{"start":{"line":10,"column":12},"end":{"line":10,"column":59}},"8":{"start":{"line":14,"column":4},"end":{"line":20,"column":7}},"9":{"start":{"line":15,"column":8},"end":{"line":19,"column":11}},"10":{"start":{"line":16,"column":9},"end":{"line":16,"column":53}},"11":{"start":{"line":17,"column":12},"end":{"line":17,"column":60}},"12":{"start":{"line":18,"column":12},"end":{"line":18,"column":56}}},"branchMap":{},"l":{"1":1,"3":1,"6":1,"7":1,"8":1,"9":1,"10":1,"14":1,"15":1,"16":1,"17":1,"18":1}}}
