{"C:\\workspace\\homework1\\js\\list.js":{"path":"C:\\workspace\\homework1\\js\\list.js","s":{"1":1,"2":20,"3":20,"4":1,"5":4,"6":4,"7":4,"8":16,"9":16,"10":4,"11":1,"12":6,"13":6,"14":6,"15":35,"16":6,"17":6,"18":1},"b":{"1":[20,4],"2":[20,20]},"f":{"1":20,"2":4,"3":6},"fnMap":{"1":{"name":"List","line":6,"loc":{"start":{"line":6,"column":0},"end":{"line":6,"column":26}}},"2":{"name":"(anonymous_2)","line":12,"loc":{"start":{"line":12,"column":12},"end":{"line":12,"column":29}}},"3":{"name":"(anonymous_3)","line":26,"loc":{"start":{"line":26,"column":26},"end":{"line":26,"column":38}}}},"statementMap":{"1":{"start":{"line":6,"column":0},"end":{"line":9,"column":1}},"2":{"start":{"line":7,"column":1},"end":{"line":7,"column":23}},"3":{"start":{"line":8,"column":1},"end":{"line":8,"column":26}},"4":{"start":{"line":12,"column":0},"end":{"line":23,"column":1}},"5":{"start":{"line":13,"column":1},"end":{"line":15,"column":7}},"6":{"start":{"line":17,"column":1},"end":{"line":17,"column":14}},"7":{"start":{"line":18,"column":1},"end":{"line":21,"column":2}},"8":{"start":{"line":19,"column":2},"end":{"line":19,"column":30}},"9":{"start":{"line":20,"column":2},"end":{"line":20,"column":13}},"10":{"start":{"line":22,"column":1},"end":{"line":22,"column":22}},"11":{"start":{"line":26,"column":0},"end":{"line":34,"column":2}},"12":{"start":{"line":27,"column":1},"end":{"line":27,"column":17}},"13":{"start":{"line":28,"column":1},"end":{"line":28,"column":12}},"14":{"start":{"line":29,"column":1},"end":{"line":31,"column":2}},"15":{"start":{"line":30,"column":2},"end":{"line":30,"column":27}},"16":{"start":{"line":32,"column":1},"end":{"line":32,"column":13}},"17":{"start":{"line":33,"column":1},"end":{"line":33,"column":12}},"18":{"start":{"line":36,"column":0},"end":{"line":36,"column":19}}},"branchMap":{"1":{"line":7,"type":"binary-expr","locations":[{"start":{"line":7,"column":13},"end":{"line":7,"column":17}},{"start":{"line":7,"column":21},"end":{"line":7,"column":22}}]},"2":{"line":8,"type":"binary-expr","locations":[{"start":{"line":8,"column":13},"end":{"line":8,"column":17}},{"start":{"line":8,"column":21},"end":{"line":8,"column":25}}]}}},"C:\\workspace\\homework1\\quz\\quz.js":{"path":"C:\\workspace\\homework1\\quz\\quz.js","s":{"1":1,"2":1,"3":1,"4":1,"5":4,"6":4,"7":1,"8":1,"9":1,"10":1,"11":1,"12":1,"13":1,"14":2,"15":2,"16":1,"17":2,"18":2,"19":2,"20":1,"21":1,"22":1},"b":{"1":[3,3]},"f":{"1":1,"2":1},"fnMap":{"1":{"name":"dcate","line":11,"loc":{"start":{"line":11,"column":0},"end":{"line":11,"column":21}}},"2":{"name":"sub","line":35,"loc":{"start":{"line":35,"column":0},"end":{"line":35,"column":28}}}},"statementMap":{"1":{"start":{"line":1,"column":0},"end":{"line":1,"column":37}},"2":{"start":{"line":11,"column":0},"end":{"line":22,"column":1}},"3":{"start":{"line":13,"column":1},"end":{"line":15,"column":7}},"4":{"start":{"line":16,"column":1},"end":{"line":19,"column":2}},"5":{"start":{"line":17,"column":4},"end":{"line":17,"column":15}},"6":{"start":{"line":18,"column":4},"end":{"line":18,"column":20}},"7":{"start":{"line":20,"column":2},"end":{"line":20,"column":15}},"8":{"start":{"line":21,"column":1},"end":{"line":21,"column":13}},"9":{"start":{"line":35,"column":0},"end":{"line":50,"column":1}},"10":{"start":{"line":37,"column":1},"end":{"line":37,"column":14}},"11":{"start":{"line":38,"column":1},"end":{"line":38,"column":18}},"12":{"start":{"line":39,"column":2},"end":{"line":39,"column":21}},"13":{"start":{"line":40,"column":2},"end":{"line":43,"column":3}},"14":{"start":{"line":41,"column":4},"end":{"line":41,"column":20}},"15":{"start":{"line":42,"column":4},"end":{"line":42,"column":11}},"16":{"start":{"line":44,"column":2},"end":{"line":48,"column":3}},"17":{"start":{"line":45,"column":4},"end":{"line":45,"column":30}},"18":{"start":{"line":46,"column":4},"end":{"line":46,"column":20}},"19":{"start":{"line":47,"column":4},"end":{"line":47,"column":9}},"20":{"start":{"line":49,"column":2},"end":{"line":49,"column":30}},"21":{"start":{"line":52,"column":0},"end":{"line":52,"column":17}},"22":{"start":{"line":53,"column":0},"end":{"line":53,"column":21}}},"branchMap":{"1":{"line":44,"type":"binary-expr","locations":[{"start":{"line":44,"column":9},"end":{"line":44,"column":12}},{"start":{"line":44,"column":16},"end":{"line":44,"column":20}}]}}}}