{"D:\\lesson\\homework1\\js\\list.js":{"path":"D:\\lesson\\homework1\\js\\list.js","s":{"1":1,"2":20,"3":20,"4":1,"5":4,"6":4,"7":4,"8":16,"9":16,"10":4,"11":1,"12":7,"13":7,"14":7,"15":40,"16":7,"17":7,"18":1},"b":{"1":[20,4],"2":[20,20]},"f":{"1":20,"2":4,"3":7},"fnMap":{"1":{"name":"List","line":6,"loc":{"start":{"line":6,"column":0},"end":{"line":6,"column":26}}},"2":{"name":"(anonymous_2)","line":12,"loc":{"start":{"line":12,"column":12},"end":{"line":12,"column":29}}},"3":{"name":"(anonymous_3)","line":26,"loc":{"start":{"line":26,"column":26},"end":{"line":26,"column":38}}}},"statementMap":{"1":{"start":{"line":6,"column":0},"end":{"line":9,"column":1}},"2":{"start":{"line":7,"column":1},"end":{"line":7,"column":23}},"3":{"start":{"line":8,"column":1},"end":{"line":8,"column":26}},"4":{"start":{"line":12,"column":0},"end":{"line":23,"column":1}},"5":{"start":{"line":13,"column":1},"end":{"line":15,"column":7}},"6":{"start":{"line":17,"column":1},"end":{"line":17,"column":14}},"7":{"start":{"line":18,"column":1},"end":{"line":21,"column":2}},"8":{"start":{"line":19,"column":2},"end":{"line":19,"column":30}},"9":{"start":{"line":20,"column":2},"end":{"line":20,"column":13}},"10":{"start":{"line":22,"column":1},"end":{"line":22,"column":22}},"11":{"start":{"line":26,"column":0},"end":{"line":34,"column":2}},"12":{"start":{"line":27,"column":1},"end":{"line":27,"column":17}},"13":{"start":{"line":28,"column":1},"end":{"line":28,"column":12}},"14":{"start":{"line":29,"column":1},"end":{"line":31,"column":2}},"15":{"start":{"line":30,"column":2},"end":{"line":30,"column":27}},"16":{"start":{"line":32,"column":1},"end":{"line":32,"column":13}},"17":{"start":{"line":33,"column":1},"end":{"line":33,"column":12}},"18":{"start":{"line":36,"column":0},"end":{"line":36,"column":21}}},"branchMap":{"1":{"line":7,"type":"binary-expr","locations":[{"start":{"line":7,"column":13},"end":{"line":7,"column":17}},{"start":{"line":7,"column":21},"end":{"line":7,"column":22}}]},"2":{"line":8,"type":"binary-expr","locations":[{"start":{"line":8,"column":13},"end":{"line":8,"column":17}},{"start":{"line":8,"column":21},"end":{"line":8,"column":25}}]}}},"D:\\lesson\\homework1\\quz\\quz.js":{"path":"D:\\lesson\\homework1\\quz\\quz.js","s":{"1":1,"2":1,"3":1,"4":4,"5":4,"6":1,"7":1,"8":1,"9":1,"10":7,"11":1,"12":5,"13":2,"14":5,"15":5,"16":1,"17":1},"b":{"1":[2,3],"2":[5,2]},"f":{"1":1,"2":1,"3":7},"fnMap":{"1":{"name":"dcate","line":10,"loc":{"start":{"line":10,"column":0},"end":{"line":10,"column":21}}},"2":{"name":"sub","line":37,"loc":{"start":{"line":37,"column":0},"end":{"line":37,"column":28}}},"3":{"name":"(anonymous_3)","line":40,"loc":{"start":{"line":40,"column":62},"end":{"line":40,"column":73}}}},"statementMap":{"1":{"start":{"line":10,"column":0},"end":{"line":24,"column":1}},"2":{"start":{"line":13,"column":1},"end":{"line":15,"column":17}},"3":{"start":{"line":16,"column":1},"end":{"line":20,"column":2}},"4":{"start":{"line":18,"column":2},"end":{"line":18,"column":16}},"5":{"start":{"line":19,"column":2},"end":{"line":19,"column":19}},"6":{"start":{"line":22,"column":1},"end":{"line":22,"column":17}},"7":{"start":{"line":23,"column":1},"end":{"line":23,"column":9}},"8":{"start":{"line":37,"column":0},"end":{"line":54,"column":1}},"9":{"start":{"line":39,"column":1},"end":{"line":45,"column":11}},"10":{"start":{"line":41,"column":3},"end":{"line":41,"column":17}},"11":{"start":{"line":46,"column":1},"end":{"line":52,"column":2}},"12":{"start":{"line":47,"column":2},"end":{"line":49,"column":3}},"13":{"start":{"line":48,"column":3},"end":{"line":48,"column":25}},"14":{"start":{"line":50,"column":2},"end":{"line":50,"column":19}},"15":{"start":{"line":51,"column":2},"end":{"line":51,"column":9}},"16":{"start":{"line":53,"column":1},"end":{"line":53,"column":38}},"17":{"start":{"line":57,"column":0},"end":{"line":60,"column":1}}},"branchMap":{"1":{"line":47,"type":"if","locations":[{"start":{"line":47,"column":2},"end":{"line":47,"column":2}},{"start":{"line":47,"column":2},"end":{"line":47,"column":2}}]},"2":{"line":47,"type":"binary-expr","locations":[{"start":{"line":47,"column":5},"end":{"line":47,"column":15}},{"start":{"line":47,"column":20},"end":{"line":47,"column":38}}]}}}}