TN:
SF:C:\workspace\homework1\js\list.js
FN:6,List
FN:12,(anonymous_2)
FN:26,(anonymous_3)
FNF:3
FNH:3
FNDA:20,List
FNDA:4,(anonymous_2)
FNDA:6,(anonymous_3)
DA:6,1
DA:7,20
DA:8,20
DA:12,1
DA:13,4
DA:17,4
DA:18,4
DA:19,16
DA:20,16
DA:22,4
DA:26,1
DA:27,6
DA:28,6
DA:29,6
DA:30,35
DA:32,6
DA:33,6
DA:36,1
LF:18
LH:18
BRDA:7,1,0,20
BRDA:7,1,1,4
BRDA:8,2,0,20
BRDA:8,2,1,20
BRF:4
BRH:4
end_of_record
TN:
SF:C:\workspace\homework1\quz\quz.js
FN:11,dcate
FN:35,sub
FNF:2
FNH:2
FNDA:1,dcate
FNDA:1,sub
DA:1,1
DA:11,1
DA:13,1
DA:16,1
DA:17,4
DA:18,4
DA:20,1
DA:21,1
DA:35,1
DA:37,1
DA:38,1
DA:39,1
DA:40,1
DA:41,2
DA:42,2
DA:44,1
DA:45,2
DA:46,2
DA:47,2
DA:49,1
DA:52,1
DA:53,1
LF:22
LH:22
BRDA:44,1,0,3
BRDA:44,1,1,3
BRF:2
BRH:2
end_of_record
