TN:
SF:E:\homework\homework1\js\list.js
FN:6,List
FN:12,(anonymous_2)
FN:26,(anonymous_3)
FNF:3
FNH:3
FNDA:17,List
FNDA:3,(anonymous_2)
FNDA:6,(anonymous_3)
DA:6,1
DA:7,17
DA:8,17
DA:12,1
DA:13,3
DA:17,3
DA:18,3
DA:19,14
DA:20,14
DA:22,3
DA:26,1
DA:27,6
DA:28,6
DA:29,6
DA:30,38
DA:32,6
DA:33,6
LF:17
LH:17
BRDA:7,1,0,17
BRDA:7,1,1,3
BRDA:8,2,0,17
BRDA:8,2,1,17
BRF:4
BRH:4
end_of_record
TN:
SF:E:\homework\homework1\quz\quz.js
FN:10,dcate
FN:35,sub
FNF:2
FNH:2
FNDA:1,dcate
FNDA:1,sub
DA:10,1
DA:12,1
DA:13,1
DA:14,1
DA:15,5
DA:17,1
DA:18,5
DA:20,1
DA:21,1
DA:35,1
DA:37,1
DA:38,1
DA:39,1
DA:40,1
DA:41,1
DA:42,1
DA:43,1
LF:17
LH:17
BRF:0
BRH:0
end_of_record
TN:
SF:E:\homework\homework1\test\test.js
FN:1,(anonymous_1)
FN:6,(anonymous_2)
FN:7,(anonymous_3)
FN:14,(anonymous_4)
FN:15,(anonymous_5)
FNF:5
FNH:5
FNDA:1,(anonymous_1)
FNDA:1,(anonymous_2)
FNDA:1,(anonymous_3)
FNDA:1,(anonymous_4)
FNDA:1,(anonymous_5)
DA:1,1
DA:3,1
DA:6,1
DA:7,1
DA:8,1
DA:9,1
DA:10,1
DA:14,1
DA:15,1
DA:16,1
DA:17,1
DA:18,1
LF:12
LH:12
BRF:0
BRH:0
end_of_record
